<?xml version="1.0" encoding="UTF-8"?>
<!-- Generated by org.testng.reporters.JUnitXMLReporter -->
<testsuite ignored="0" hostname="Vicky" failures="1" tests="18" name="Test" time="103.697" errors="0" timestamp="2023-10-11T12:16:18 IST">
  <testcase classname="GenericUtility.SchemesSubscriptionBaseClass" name="@AfterMethod amConfig" time="20.013">
    <failure type="org.openqa.selenium.NoSuchElementException" message="Unable to locate element: (//div[@class=&amp;apos;col-md-6 second-row-col-six-two ng-tns-c50-1&amp;apos;]/div//button[@class=&amp;apos;btn mt-3 ng-tns-c50-1&amp;apos;])[4]
For documentation on this error, please visit: https://www.selenium.dev/documentation/webdriver/troubleshooting/errors#no-such-element-exception
Build info: version: &amp;apos;4.10.0&amp;apos;, revision: &amp;apos;c14d967899&amp;apos;
System info: os.name: &amp;apos;Windows 11&amp;apos;, os.arch: &amp;apos;amd64&amp;apos;, os.version: &amp;apos;10.0&amp;apos;, java.version: &amp;apos;18.0.1.1&amp;apos;
Driver info: org.openqa.selenium.firefox.FirefoxDriver
Command: [31315015-3741-4536-8308-9bf3b9a3391d, findElement {using=xpath, value=(//div[@class=&amp;apos;col-md-6 second-row-col-six-two ng-tns-c50-1&amp;apos;]/div//button[@class=&amp;apos;btn mt-3 ng-tns-c50-1&amp;apos;])[4]}]
Capabilities {acceptInsecureCerts: true, browserName: firefox, browserVersion: 117.0.1, moz:accessibilityChecks: false, moz:buildID: 20230912013654, moz:debuggerAddress: 127.0.0.1:35834, moz:geckodriverVersion: 0.33.0, moz:headless: false, moz:platformVersion: 10.0, moz:processID: 5976, moz:profile: C:\WINDOWS\TEMP\rust_mozpro..., moz:shutdownTimeout: 60000, moz:webdriverClick: true, moz:windowless: false, pageLoadStrategy: normal, platformName: windows, proxy: Proxy(), se:cdp: ws://127.0.0.1:35834/devtoo..., se:cdpVersion: 85.0, setWindowRect: true, strictFileInteractability: false, timeouts: {implicit: 0, pageLoad: 300000, script: 30000}, unhandledPromptBehavior: dismiss and notify}
Session ID: 31315015-3741-4536-8308-9bf3b9a3391d">
      <![CDATA[org.openqa.selenium.NoSuchElementException: Unable to locate element: (//div[@class='col-md-6 second-row-col-six-two ng-tns-c50-1']/div//button[@class='btn mt-3 ng-tns-c50-1'])[4]
For documentation on this error, please visit: https://www.selenium.dev/documentation/webdriver/troubleshooting/errors#no-such-element-exception
Build info: version: '4.10.0', revision: 'c14d967899'
System info: os.name: 'Windows 11', os.arch: 'amd64', os.version: '10.0', java.version: '18.0.1.1'
Driver info: org.openqa.selenium.firefox.FirefoxDriver
Command: [31315015-3741-4536-8308-9bf3b9a3391d, findElement {using=xpath, value=(//div[@class='col-md-6 second-row-col-six-two ng-tns-c50-1']/div//button[@class='btn mt-3 ng-tns-c50-1'])[4]}]
Capabilities {acceptInsecureCerts: true, browserName: firefox, browserVersion: 117.0.1, moz:accessibilityChecks: false, moz:buildID: 20230912013654, moz:debuggerAddress: 127.0.0.1:35834, moz:geckodriverVersion: 0.33.0, moz:headless: false, moz:platformVersion: 10.0, moz:processID: 5976, moz:profile: C:\WINDOWS\TEMP\rust_mozpro..., moz:shutdownTimeout: 60000, moz:webdriverClick: true, moz:windowless: false, pageLoadStrategy: normal, platformName: windows, proxy: Proxy(), se:cdp: ws://127.0.0.1:35834/devtoo..., se:cdpVersion: 85.0, setWindowRect: true, strictFileInteractability: false, timeouts: {implicit: 0, pageLoad: 300000, script: 30000}, unhandledPromptBehavior: dismiss and notify}
Session ID: 31315015-3741-4536-8308-9bf3b9a3391d
at org.openqa.selenium.remote.codec.w3c.W3CHttpResponseCodec.createException(W3CHttpResponseCodec.java:199)
at org.openqa.selenium.remote.codec.w3c.W3CHttpResponseCodec.decode(W3CHttpResponseCodec.java:132)
at org.openqa.selenium.remote.codec.w3c.W3CHttpResponseCodec.decode(W3CHttpResponseCodec.java:51)
at org.openqa.selenium.remote.HttpCommandExecutor.execute(HttpCommandExecutor.java:191)
at org.openqa.selenium.remote.service.DriverCommandExecutor.invokeExecute(DriverCommandExecutor.java:196)
at org.openqa.selenium.remote.service.DriverCommandExecutor.execute(DriverCommandExecutor.java:171)
at org.openqa.selenium.remote.RemoteWebDriver.execute(RemoteWebDriver.java:531)
at org.openqa.selenium.remote.ElementLocation$ElementFinder$2.findElement(ElementLocation.java:165)
at org.openqa.selenium.remote.ElementLocation.findElement(ElementLocation.java:59)
at org.openqa.selenium.remote.RemoteWebDriver.findElement(RemoteWebDriver.java:350)
at org.openqa.selenium.remote.RemoteWebDriver.findElement(RemoteWebDriver.java:344)
at org.openqa.selenium.support.pagefactory.DefaultElementLocator.findElement(DefaultElementLocator.java:68)
at org.openqa.selenium.support.pagefactory.internal.LocatingElementHandler.invoke(LocatingElementHandler.java:38)
at jdk.proxy2/jdk.proxy2.$Proxy19.getWrappedElement(Unknown Source)
at org.openqa.selenium.remote.internal.WebElementToJsonConverter.apply(WebElementToJsonConverter.java:51)
at java.base/java.util.stream.ReferencePipeline$3$1.accept(ReferencePipeline.java:197)
at java.base/java.util.Spliterators$ArraySpliterator.forEachRemaining(Spliterators.java:992)
at java.base/java.util.stream.AbstractPipeline.copyInto(AbstractPipeline.java:509)
at java.base/java.util.stream.AbstractPipeline.wrapAndCopyInto(AbstractPipeline.java:499)
at java.base/java.util.stream.ReduceOps$ReduceOp.evaluateSequential(ReduceOps.java:921)
at java.base/java.util.stream.AbstractPipeline.evaluate(AbstractPipeline.java:234)
at java.base/java.util.stream.ReferencePipeline.collect(ReferencePipeline.java:682)
at org.openqa.selenium.remote.RemoteWebDriver.executeScript(RemoteWebDriver.java:474)
at ObjectRepository.DashboardPage.schemesSubscriptionLogoutOfApplication(DashboardPage.java:122)
at GenericUtility.SchemesSubscriptionBaseClass.amConfig(SchemesSubscriptionBaseClass.java:94)
at java.base/java.util.ArrayList.forEach(ArrayList.java:1511)
at java.base/java.util.concurrent.FutureTask.run(FutureTask.java:264)
at java.base/java.util.concurrent.ThreadPoolExecutor.runWorker(ThreadPoolExecutor.java:1136)
at java.base/java.util.concurrent.ThreadPoolExecutor$Worker.run(ThreadPoolExecutor.java:635)
at java.base/java.lang.Thread.run(Thread.java:833)
... Removed 23 stack frames]]>
    </failure>
  </testcase> <!-- @AfterMethod amConfig -->
  <testcase classname="GenericUtility.SchemesSubscriptionBaseClass" name="@BeforeMethod bmConfig" time="0.0">
    <skipped/>
  </testcase> <!-- @BeforeMethod bmConfig -->
  <testcase classname="GenericUtility.SchemesSubscriptionBaseClass" name="@AfterMethod amConfig" time="0.0">
    <skipped/>
  </testcase> <!-- @AfterMethod amConfig -->
  <testcase classname="GenericUtility.SchemesSubscriptionBaseClass" name="@BeforeMethod bmConfig" time="0.0">
    <skipped/>
  </testcase> <!-- @BeforeMethod bmConfig -->
  <testcase classname="GenericUtility.SchemesSubscriptionBaseClass" name="@AfterMethod amConfig" time="0.0">
    <skipped/>
  </testcase> <!-- @AfterMethod amConfig -->
  <testcase classname="GenericUtility.SchemesSubscriptionBaseClass" name="@BeforeMethod bmConfig" time="0.0">
    <skipped/>
  </testcase> <!-- @BeforeMethod bmConfig -->
  <testcase classname="GenericUtility.SchemesSubscriptionBaseClass" name="@AfterMethod amConfig" time="0.0">
    <skipped/>
  </testcase> <!-- @AfterMethod amConfig -->
  <testcase classname="GenericUtility.SchemesSubscriptionBaseClass" name="@BeforeMethod bmConfig" time="0.0">
    <skipped/>
  </testcase> <!-- @BeforeMethod bmConfig -->
  <testcase classname="GenericUtility.SchemesSubscriptionBaseClass" name="@AfterMethod amConfig" time="0.0">
    <skipped/>
  </testcase> <!-- @AfterMethod amConfig -->
  <testcase classname="GenericUtility.SchemesSubscriptionBaseClass" name="@BeforeMethod bmConfig" time="0.0">
    <skipped/>
  </testcase> <!-- @BeforeMethod bmConfig -->
  <testcase classname="GenericUtility.SchemesSubscriptionBaseClass" name="@AfterMethod amConfig" time="0.0">
    <skipped/>
  </testcase> <!-- @AfterMethod amConfig -->
  <testcase classname="GenericUtility.SchemesSubscriptionBaseClass" name="@BeforeMethod bmConfig" time="0.0">
    <skipped/>
  </testcase> <!-- @BeforeMethod bmConfig -->
  <testcase classname="GenericUtility.SchemesSubscriptionBaseClass" name="@AfterMethod amConfig" time="0.0">
    <skipped/>
  </testcase> <!-- @AfterMethod amConfig -->
  <testcase classname="GenericUtility.SchemesSubscriptionBaseClass" name="@BeforeMethod bmConfig" time="0.0">
    <skipped/>
  </testcase> <!-- @BeforeMethod bmConfig -->
  <testcase classname="GenericUtility.SchemesSubscriptionBaseClass" name="@AfterMethod amConfig" time="0.0">
    <skipped/>
  </testcase> <!-- @AfterMethod amConfig -->
  <testcase classname="GenericUtility.SchemesSubscriptionBaseClass" name="@BeforeMethod bmConfig" time="0.0">
    <skipped/>
  </testcase> <!-- @BeforeMethod bmConfig -->
  <testcase classname="GenericUtility.SchemesSubscriptionBaseClass" name="@AfterMethod amConfig" time="0.0">
    <skipped/>
  </testcase> <!-- @AfterMethod amConfig -->
  <testcase classname="GenericUtility.SchemesSubscriptionBaseClass" name="@BeforeMethod bmConfig" time="0.0">
    <skipped/>
  </testcase> <!-- @BeforeMethod bmConfig -->
  <testcase classname="GenericUtility.SchemesSubscriptionBaseClass" name="@AfterMethod amConfig" time="0.0">
    <skipped/>
  </testcase> <!-- @AfterMethod amConfig -->
  <testcase classname="GenericUtility.SchemesSubscriptionBaseClass" name="@BeforeMethod bmConfig" time="0.0">
    <skipped/>
  </testcase> <!-- @BeforeMethod bmConfig -->
  <testcase classname="GenericUtility.SchemesSubscriptionBaseClass" name="@AfterMethod amConfig" time="0.0">
    <skipped/>
  </testcase> <!-- @AfterMethod amConfig -->
  <testcase classname="GenericUtility.SchemesSubscriptionBaseClass" name="@BeforeMethod bmConfig" time="0.0">
    <skipped/>
  </testcase> <!-- @BeforeMethod bmConfig -->
  <testcase classname="GenericUtility.SchemesSubscriptionBaseClass" name="@AfterMethod amConfig" time="0.0">
    <skipped/>
  </testcase> <!-- @AfterMethod amConfig -->
  <testcase classname="GenericUtility.SchemesSubscriptionBaseClass" name="@BeforeMethod bmConfig" time="0.0">
    <skipped/>
  </testcase> <!-- @BeforeMethod bmConfig -->
  <testcase classname="GenericUtility.SchemesSubscriptionBaseClass" name="@AfterMethod amConfig" time="0.0">
    <skipped/>
  </testcase> <!-- @AfterMethod amConfig -->
  <testcase classname="GenericUtility.SchemesSubscriptionBaseClass" name="@BeforeMethod bmConfig" time="0.0">
    <skipped/>
  </testcase> <!-- @BeforeMethod bmConfig -->
  <testcase classname="GenericUtility.SchemesSubscriptionBaseClass" name="@AfterMethod amConfig" time="0.0">
    <skipped/>
  </testcase> <!-- @AfterMethod amConfig -->
  <testcase classname="GenericUtility.SchemesSubscriptionBaseClass" name="@BeforeMethod bmConfig" time="0.0">
    <skipped/>
  </testcase> <!-- @BeforeMethod bmConfig -->
  <testcase classname="GenericUtility.SchemesSubscriptionBaseClass" name="@AfterMethod amConfig" time="0.0">
    <skipped/>
  </testcase> <!-- @AfterMethod amConfig -->
  <testcase classname="GenericUtility.SchemesSubscriptionBaseClass" name="@BeforeMethod bmConfig" time="0.0">
    <skipped/>
  </testcase> <!-- @BeforeMethod bmConfig -->
  <testcase classname="GenericUtility.SchemesSubscriptionBaseClass" name="@AfterMethod amConfig" time="0.0">
    <skipped/>
  </testcase> <!-- @AfterMethod amConfig -->
  <testcase classname="GenericUtility.SchemesSubscriptionBaseClass" name="@BeforeMethod bmConfig" time="0.0">
    <skipped/>
  </testcase> <!-- @BeforeMethod bmConfig -->
  <testcase classname="GenericUtility.SchemesSubscriptionBaseClass" name="@AfterMethod amConfig" time="0.0">
    <skipped/>
  </testcase> <!-- @AfterMethod amConfig -->
  <testcase classname="GenericUtility.SchemesSubscriptionBaseClass" name="@AfterClass acConfig" time="0.0">
    <skipped/>
  </testcase> <!-- @AfterClass acConfig -->
  <testcase classname="Sprint_1.MultipleSchemesSubscriptionTest" name="schemeSubscription1000Rupees" time="40.105"/>
  <testcase classname="Sprint_1.MultipleSchemesSubscriptionTest" name="schemeSubscription1500Rupees" time="33.342">
    <failure type="org.openqa.selenium.TimeoutException" message="Expected condition failed: waiting for element to be clickable: [[FirefoxDriver: firefox on windows (31315015-3741-4536-8308-9bf3b9a3391d)] -&amp;gt; xpath: //span[.=&amp;apos;Schemes&amp;apos;]] (tried for 20 second(s) with 500 milliseconds interval)">
      <![CDATA[org.openqa.selenium.TimeoutException: Expected condition failed: waiting for element to be clickable: [[FirefoxDriver: firefox on windows (31315015-3741-4536-8308-9bf3b9a3391d)] -> xpath: //span[.='Schemes']] (tried for 20 second(s) with 500 milliseconds interval)
at org.openqa.selenium.support.ui.WebDriverWait.timeoutException(WebDriverWait.java:84)
at org.openqa.selenium.support.ui.FluentWait.until(FluentWait.java:230)
at ObjectRepository.LandingPage.clickOnSchemesLnk(LandingPage.java:183)
at Sprint_1.MultipleSchemesSubscriptionTest.schemeSubscription1500Rupees(MultipleSchemesSubscriptionTest.java:50)
at java.base/java.util.ArrayList.forEach(ArrayList.java:1511)
at java.base/java.util.concurrent.FutureTask.run(FutureTask.java:264)
at java.base/java.util.concurrent.ThreadPoolExecutor.runWorker(ThreadPoolExecutor.java:1136)
at java.base/java.util.concurrent.ThreadPoolExecutor$Worker.run(ThreadPoolExecutor.java:635)
at java.base/java.lang.Thread.run(Thread.java:833)
Caused by: org.openqa.selenium.NoSuchElementException: Unable to locate element: //span[.='Schemes']
For documentation on this error, please visit: https://www.selenium.dev/documentation/webdriver/troubleshooting/errors#no-such-element-exception
Build info: version: '4.10.0', revision: 'c14d967899'
System info: os.name: 'Windows 11', os.arch: 'amd64', os.version: '10.0', java.version: '18.0.1.1'
Driver info: org.openqa.selenium.firefox.FirefoxDriver
Command: [31315015-3741-4536-8308-9bf3b9a3391d, findElement {using=xpath, value=//span[.='Schemes']}]
Capabilities {acceptInsecureCerts: true, browserName: firefox, browserVersion: 117.0.1, moz:accessibilityChecks: false, moz:buildID: 20230912013654, moz:debuggerAddress: 127.0.0.1:35834, moz:geckodriverVersion: 0.33.0, moz:headless: false, moz:platformVersion: 10.0, moz:processID: 5976, moz:profile: C:\WINDOWS\TEMP\rust_mozpro..., moz:shutdownTimeout: 60000, moz:webdriverClick: true, moz:windowless: false, pageLoadStrategy: normal, platformName: windows, proxy: Proxy(), se:cdp: ws://127.0.0.1:35834/devtoo..., se:cdpVersion: 85.0, setWindowRect: true, strictFileInteractability: false, timeouts: {implicit: 0, pageLoad: 300000, script: 30000}, unhandledPromptBehavior: dismiss and notify}
Session ID: 31315015-3741-4536-8308-9bf3b9a3391d
at org.openqa.selenium.remote.codec.w3c.W3CHttpResponseCodec.createException(W3CHttpResponseCodec.java:199)
at org.openqa.selenium.remote.codec.w3c.W3CHttpResponseCodec.decode(W3CHttpResponseCodec.java:132)
at org.openqa.selenium.remote.codec.w3c.W3CHttpResponseCodec.decode(W3CHttpResponseCodec.java:51)
at org.openqa.selenium.remote.HttpCommandExecutor.execute(HttpCommandExecutor.java:191)
at org.openqa.selenium.remote.service.DriverCommandExecutor.invokeExecute(DriverCommandExecutor.java:196)
at org.openqa.selenium.remote.service.DriverCommandExecutor.execute(DriverCommandExecutor.java:171)
at org.openqa.selenium.remote.RemoteWebDriver.execute(RemoteWebDriver.java:531)
at org.openqa.selenium.remote.ElementLocation$ElementFinder$2.findElement(ElementLocation.java:165)
at org.openqa.selenium.remote.ElementLocation.findElement(ElementLocation.java:59)
at org.openqa.selenium.remote.RemoteWebDriver.findElement(RemoteWebDriver.java:350)
at org.openqa.selenium.remote.RemoteWebDriver.findElement(RemoteWebDriver.java:344)
at org.openqa.selenium.support.pagefactory.DefaultElementLocator.findElement(DefaultElementLocator.java:68)
at org.openqa.selenium.support.pagefactory.internal.LocatingElementHandler.invoke(LocatingElementHandler.java:38)
at jdk.proxy2/jdk.proxy2.$Proxy19.isDisplayed(Unknown Source)
at org.openqa.selenium.support.ui.ExpectedConditions.elementIfVisible(ExpectedConditions.java:304)
at org.openqa.selenium.support.ui.ExpectedConditions.access$000(ExpectedConditions.java:37)
at org.openqa.selenium.support.ui.ExpectedConditions$10.apply(ExpectedConditions.java:290)
at org.openqa.selenium.support.ui.ExpectedConditions$10.apply(ExpectedConditions.java:287)
at org.openqa.selenium.support.ui.ExpectedConditions$23.apply(ExpectedConditions.java:656)
at org.openqa.selenium.support.ui.ExpectedConditions$23.apply(ExpectedConditions.java:652)
at org.openqa.selenium.support.ui.FluentWait.until(FluentWait.java:205)
... 22 more
... Removed 18 stack frames]]>
    </failure>
  </testcase> <!-- schemeSubscription1500Rupees -->
  <testcase classname="Sprint_1.MultipleSchemesSubscriptionTest" name="schemeSubscription2000Rupees" time="0.0">
    <skipped/>
  </testcase> <!-- schemeSubscription2000Rupees -->
  <testcase classname="Sprint_1.MultipleSchemesSubscriptionTest" name="schemeSubscription2500Rupees" time="0.0">
    <skipped/>
  </testcase> <!-- schemeSubscription2500Rupees -->
  <testcase classname="Sprint_1.MultipleSchemesSubscriptionTest" name="schemeSubscription3000Rupees" time="0.0">
    <skipped/>
  </testcase> <!-- schemeSubscription3000Rupees -->
  <testcase classname="Sprint_1.MultipleSchemesSubscriptionTest" name="schemeSubscription3500Rupees" time="0.0">
    <skipped/>
  </testcase> <!-- schemeSubscription3500Rupees -->
  <testcase classname="Sprint_1.MultipleSchemesSubscriptionTest" name="schemeSubscription4000Rupees" time="0.0">
    <skipped/>
  </testcase> <!-- schemeSubscription4000Rupees -->
  <testcase classname="Sprint_1.MultipleSchemesSubscriptionTest" name="schemeSubscription4500Rupees" time="0.0">
    <skipped/>
  </testcase> <!-- schemeSubscription4500Rupees -->
  <testcase classname="Sprint_1.MultipleSchemesSubscriptionTest" name="schemeSubscription5000Rupees" time="0.0">
    <skipped/>
  </testcase> <!-- schemeSubscription5000Rupees -->
  <testcase classname="Sprint_1.MultipleSchemesSubscriptionTest" name="schemeSubscription5500Rupees" time="0.0">
    <skipped/>
  </testcase> <!-- schemeSubscription5500Rupees -->
  <testcase classname="Sprint_1.MultipleSchemesSubscriptionTest" name="schemeSubscription6000Rupees" time="0.0">
    <skipped/>
  </testcase> <!-- schemeSubscription6000Rupees -->
  <testcase classname="Sprint_1.MultipleSchemesSubscriptionTest" name="schemeSubscription6500Rupees" time="0.0">
    <skipped/>
  </testcase> <!-- schemeSubscription6500Rupees -->
  <testcase classname="Sprint_1.MultipleSchemesSubscriptionTest" name="schemeSubscription7000Rupees" time="0.0">
    <skipped/>
  </testcase> <!-- schemeSubscription7000Rupees -->
  <testcase classname="Sprint_1.MultipleSchemesSubscriptionTest" name="schemeSubscription7500Rupees" time="0.0">
    <skipped/>
  </testcase> <!-- schemeSubscription7500Rupees -->
  <testcase classname="Sprint_1.MultipleSchemesSubscriptionTest" name="schemeSubscription8000Rupees" time="0.0">
    <skipped/>
  </testcase> <!-- schemeSubscription8000Rupees -->
  <testcase classname="Sprint_1.MultipleSchemesSubscriptionTest" name="schemeSubscription8500Rupees" time="0.0">
    <skipped/>
  </testcase> <!-- schemeSubscription8500Rupees -->
  <testcase classname="Sprint_1.MultipleSchemesSubscriptionTest" name="schemeSubscription9000Rupees" time="0.0">
    <skipped/>
  </testcase> <!-- schemeSubscription9000Rupees -->
  <testcase classname="Sprint_1.MultipleSchemesSubscriptionTest" name="schemeSubscription9500Rupees" time="0.0">
    <skipped/>
  </testcase> <!-- schemeSubscription9500Rupees -->
</testsuite> <!-- Test -->
